<?xml version="1.0" encoding="UTF-8"?>
<testng-results skipped="0" failed="0" ignored="0" total="1" passed="1">
  <reporter-output>
  </reporter-output>
  <suite name="Suite" duration-ms="49" started-at="2018-06-21T07:23:56Z" finished-at="2018-06-21T07:23:56Z">
    <groups>
    </groups>
    <test name="Test" duration-ms="49" started-at="2018-06-21T07:23:56Z" finished-at="2018-06-21T07:23:56Z">
      <class name="Demo.LaunchURL">
        <test-method status="PASS" signature="printMesg()[pri:0, instance:Demo.LaunchURL@4bec1f0c]" name="printMesg" duration-ms="10" started-at="2018-06-21T12:53:56Z" finished-at="2018-06-21T12:53:56Z">
          <reporter-output>
          </reporter-output>
        </test-method> <!-- printMesg -->
      </class> <!-- Demo.LaunchURL -->
    </test> <!-- Test -->
  </suite> <!-- Suite -->
</testng-results>
