<?xml version="1.0" encoding="UTF-8"?>
<testng-results skipped="0" failed="0" ignored="0" total="1" passed="1">
  <reporter-output>
  </reporter-output>
  <suite name="Suite" duration-ms="47" started-at="2018-06-21T06:41:10Z" finished-at="2018-06-21T06:41:10Z">
    <groups>
    </groups>
    <test name="Test" duration-ms="47" started-at="2018-06-21T06:41:10Z" finished-at="2018-06-21T06:41:10Z">
      <class name="Demo.LaunchURL">
        <test-method status="PASS" signature="printMesg()[pri:0, instance:Demo.LaunchURL@7b69c6ba]" name="printMesg" duration-ms="16" started-at="2018-06-21T06:41:10Z" finished-at="2018-06-21T06:41:10Z">
          <reporter-output>
          </reporter-output>
        </test-method> <!-- printMesg -->
      </class> <!-- Demo.LaunchURL -->
    </test> <!-- Test -->
  </suite> <!-- Suite -->
</testng-results>
